Arguments: 
  /home/ccdev/.nvm/versions/node/v16.20.1/bin/node /snap/node/7588/bin/yarn.js add arg --dev

PATH: 
  /home/ccdev/.nvm/versions/node/v16.20.1/bin:/usr/local/sbin:/usr/local/bin:/usr/sbin:/usr/bin:/sbin:/bin:/usr/games:/usr/local/games:/snap/bin:/snap/bin

Yarn version: 
  1.22.19

Node version: 
  16.20.1

Platform: 
  linux x64

Trace: 
  Error: EIO: i/o error, write
      at writeSync (node:fs:920:3)
      at SyncWriteStream._write (node:internal/fs/sync_write_stream:26:3)
      at writeOrBuffer (node:internal/streams/writable:391:12)
      at _write (node:internal/streams/writable:332:10)
      at SyncWriteStream.Writable.write (node:internal/streams/writable:336:10)
      at ConsoleReporter.warn (/snap/node/7588/lib/cli.js:92855:17)
      at Add.<anonymous> (/snap/node/7588/lib/cli.js:7270:23)
      at Generator.next (<anonymous>)
      at step (/snap/node/7588/lib/cli.js:310:30)
      at /snap/node/7588/lib/cli.js:321:13

npm manifest: 
  {
    "name": "@xlabs-xyz/wallet-monitor",
    "version": "0.2.8",
    "description": "A set of utilities to monitor blockchain wallets and react to them",
    "main": "lib/index.js",
    "types": "lib/index.d.ts",
    "scripts": {
      "build-docker-image": "docker build -t wallet-manager-service:latest .",
      "start-service": "ts-node src/grpc/service.ts",
      "build-grpc": "grpc_tools_node_protoc --ts_proto_out=./src/grpc/out/ --ts_proto_opt=outputServices=nice-grpc,outputServices=generic-definitions,useExactTypes=false,esModuleInterop=true --proto_path=./src/grpc/proto/ src/grpc/proto/wallet-manager-grpc-service.proto",
      "build": "npm run build-grpc && tsc",
      "watch": "tsc -w",
      "lint": "eslint --ignore-path .gitignore --ext .js,.ts .",
      "prettier": "prettier --ignore-path .gitignore --write .",
      "test": "jest --silent=false"
    },
    "repository": {
      "type": "git",
      "url": "git+https://github.com/xlabs/wallet-monitor.git"
    },
    "keywords": [
      "blockchain",
      "wallet",
      "wallet-balance",
      "monitoring",
      "wallet-monitoring",
      "wallet scraping",
      "wallet-scraping",
      "wallet exporter",
      "wallet-exporter",
      "wallet monitoring",
      "wallet balance exporter",
      "wallet balance export",
      "wallet balance scrape",
      "wallet balance monitor",
      "wallet balance monitoring"
    ],
    "author": "",
    "license": "MIT",
    "bugs": {
      "url": "https://github.com/xlabs/wallet-monitor/issues"
    },
    "homepage": "https://github.com/xlabs/wallet-monitor#readme",
    "dependencies": {
      "@cosmjs/cosmwasm-stargate": "^0.31.0",
      "@cosmjs/stargate": "^0.31.0",
      "@ethersproject/bignumber": "^5.7.0",
      "@mysten/sui.js": "^0.32.2",
      "@solana/spl-token": "^0.3.7",
      "@solana/web3.js": "^1.74.0",
      "bluebird": "^3.7.2",
      "bs58": "^5.0.0",
      "ethers": "^5.7.0",
      "google-protobuf": "^3.21.2",
      "koa": "^2.14.1",
      "koa-router": "^12.0.0",
      "nice-grpc": "^2.1.4",
      "prom-client": "^14.2.0",
      "ts-node": "^10.9.1",
      "ts-proto": "^1.147.3",
      "typescript": "^5.1.6",
      "TypeScript": "npm:typescript@^5.1.6",
      "winston": "^3.8.2",
      "zod": "^3.21.4"
    },
    "devDependencies": {
      "@types/bluebird": "^3.5.38",
      "@types/jest": "^29.5.1",
      "@types/koa": "^2.13.6",
      "@types/koa-router": "^7.4.4",
      "@types/node": "^18.15.7",
      "@typescript-eslint/eslint-plugin": "^5.59.6",
      "@typescript-eslint/parser": "^5.59.6",
      "arg": "^5.0.2",
      "eslint": "^8.40.0",
      "eslint-plugin-unused-imports": "^2.0.0",
      "ganache": "^7.8.0",
      "ganache-cli": "^6.12.2",
      "grpc-tools": "^1.12.4",
      "jest": "^29.5.0",
      "prettier": "^2.8.7",
      "ts-jest": "^29.1.0"
    }
  }

yarn manifest: 
  No manifest

Lockfile: 
  No lockfile
